Practica1_Alejandro_Leyva/Library/Bee/Android/Prj/IL2CPP/Gradle/launcher/build/intermediates/manifest_merge_blame_file/release/manifest-merger-blame-release-report.txt
1<?xml version="1.0" encoding="utf-8"?>
2<manifest xmlns:android="http://schemas.android.com/apk/res/android"
3    package="com.Reyva.ClaseVR2024"
4    android:installLocation="preferExternal"
5    android:versionCode="1"
6    android:versionName="0.1" >
7
8    <uses-sdk
9        android:minSdkVersion="24"
9-->src\main\AndroidManifest.xml
10        android:targetSdkVersion="31" />
10-->src\main\AndroidManifest.xml
11
12    <supports-screens
12-->src\main\AndroidManifest.xml:3:3-163
13        android:anyDensity="true"
13-->src\main\AndroidManifest.xml:3:135-160
14        android:largeScreens="true"
14-->src\main\AndroidManifest.xml:3:78-105
15        android:normalScreens="true"
15-->src\main\AndroidManifest.xml:3:49-77
16        android:smallScreens="true"
16-->src\main\AndroidManifest.xml:3:21-48
17        android:xlargeScreens="true" />
17-->src\main\AndroidManifest.xml:3:106-134
18
19    <uses-feature
19-->[:unityLibrary] AndroidManifest.xml:12:5-54
20        android:glEsVersion="0x00030000"
20-->[:unityLibrary] AndroidManifest.xml:12:19-51
21        android:required="true" />
21-->[:GfxPluginCardboard:] AndroidManifest.xml:15:9-32
22    <uses-feature
22-->[:unityLibrary] AndroidManifest.xml:13:5-15:36
23        android:name="android.hardware.vulkan.version"
23-->[:unityLibrary] AndroidManifest.xml:14:9-55
24        android:required="false" />
24-->[:unityLibrary] AndroidManifest.xml:15:9-33
25
26    <uses-permission android:name="android.permission.INTERNET" />
26-->[:unityLibrary] AndroidManifest.xml:17:5-67
26-->[:unityLibrary] AndroidManifest.xml:17:22-64
27
28    <uses-feature
28-->[:unityLibrary] AndroidManifest.xml:19:5-21:36
29        android:name="android.hardware.touchscreen"
29-->[:unityLibrary] AndroidManifest.xml:20:9-52
30        android:required="false" />
30-->[:unityLibrary] AndroidManifest.xml:21:9-33
31    <uses-feature
31-->[:unityLibrary] AndroidManifest.xml:22:5-24:36
32        android:name="android.hardware.touchscreen.multitouch"
32-->[:unityLibrary] AndroidManifest.xml:23:9-63
33        android:required="false" />
33-->[:unityLibrary] AndroidManifest.xml:24:9-33
34    <uses-feature
34-->[:unityLibrary] AndroidManifest.xml:25:5-27:36
35        android:name="android.hardware.touchscreen.multitouch.distinct"
35-->[:unityLibrary] AndroidManifest.xml:26:9-72
36        android:required="false" />
36-->[:unityLibrary] AndroidManifest.xml:27:9-33
37
38    <uses-permission android:name="android.permission.CAMERA" />
38-->[:GfxPluginCardboard:] AndroidManifest.xml:17:5-65
38-->[:GfxPluginCardboard:] AndroidManifest.xml:17:22-62
39    <uses-permission android:name="android.permission.WRITE_EXTERNAL_STORAGE" />
39-->[:GfxPluginCardboard:] AndroidManifest.xml:18:5-81
39-->[:GfxPluginCardboard:] AndroidManifest.xml:18:22-78
40    <uses-permission android:name="android.permission.NFC" />
40-->[:GfxPluginCardboard:] AndroidManifest.xml:20:5-62
40-->[:GfxPluginCardboard:] AndroidManifest.xml:20:22-59
41
42    <application
42-->src\main\AndroidManifest.xml:4:3-83
43        android:appComponentFactory="androidx.core.app.CoreComponentFactory"
43-->[androidx.core:core:1.7.0] AndroidManifest.xml:24:18-86
44        android:extractNativeLibs="true"
44-->[:unityLibrary] AndroidManifest.xml:29:18-50
45        android:icon="@mipmap/app_icon"
45-->src\main\AndroidManifest.xml:4:49-80
46        android:label="@string/app_name" >
46-->src\main\AndroidManifest.xml:4:16-48
47        <activity
47-->[:unityLibrary] AndroidManifest.xml:30:9-51:20
48            android:name="com.unity3d.player.UnityPlayerActivity"
48-->[:unityLibrary] AndroidManifest.xml:31:13-66
49            android:configChanges="mcc|mnc|locale|touchscreen|keyboard|keyboardHidden|navigation|orientation|screenLayout|uiMode|screenSize|smallestScreenSize|fontScale|layoutDirection|density"
49-->[:unityLibrary] AndroidManifest.xml:32:13-194
50            android:exported="true"
50-->[:unityLibrary] AndroidManifest.xml:33:13-36
51            android:hardwareAccelerated="false"
51-->[:unityLibrary] AndroidManifest.xml:34:13-48
52            android:launchMode="singleTask"
52-->[:unityLibrary] AndroidManifest.xml:35:13-44
53            android:resizeableActivity="false"
53-->[:unityLibrary] AndroidManifest.xml:36:13-47
54            android:screenOrientation="userLandscape"
54-->[:unityLibrary] AndroidManifest.xml:37:13-54
55            android:theme="@style/UnityThemeSelector" >
55-->[:unityLibrary] AndroidManifest.xml:38:13-54
56            <intent-filter>
56-->[:unityLibrary] AndroidManifest.xml:39:13-43:29
57                <action android:name="android.intent.action.MAIN" />
57-->[:unityLibrary] AndroidManifest.xml:40:17-69
57-->[:unityLibrary] AndroidManifest.xml:40:25-66
58
59                <category android:name="android.intent.category.LAUNCHER" />
59-->[:unityLibrary] AndroidManifest.xml:42:17-77
59-->[:unityLibrary] AndroidManifest.xml:42:27-74
60            </intent-filter>
61
62            <meta-data
62-->[:unityLibrary] AndroidManifest.xml:45:13-47:40
63                android:name="unityplayer.UnityActivity"
63-->[:unityLibrary] AndroidManifest.xml:46:17-57
64                android:value="true" />
64-->[:unityLibrary] AndroidManifest.xml:47:17-37
65            <meta-data
65-->[:unityLibrary] AndroidManifest.xml:48:13-50:40
66                android:name="android.notch_support"
66-->[:unityLibrary] AndroidManifest.xml:49:17-53
67                android:value="true" />
67-->[:unityLibrary] AndroidManifest.xml:50:17-37
68        </activity>
69
70        <meta-data
70-->[:unityLibrary] AndroidManifest.xml:53:9-55:33
71            android:name="unity.splash-mode"
71-->[:unityLibrary] AndroidManifest.xml:54:13-45
72            android:value="0" />
72-->[:unityLibrary] AndroidManifest.xml:55:13-30
73        <meta-data
73-->[:unityLibrary] AndroidManifest.xml:56:9-58:36
74            android:name="unity.splash-enable"
74-->[:unityLibrary] AndroidManifest.xml:57:13-47
75            android:value="True" />
75-->[:unityLibrary] AndroidManifest.xml:58:13-33
76        <meta-data
76-->[:unityLibrary] AndroidManifest.xml:59:9-61:36
77            android:name="unity.launch-fullscreen"
77-->[:unityLibrary] AndroidManifest.xml:60:13-51
78            android:value="True" />
78-->[:unityLibrary] AndroidManifest.xml:61:13-33
79        <meta-data
79-->[:unityLibrary] AndroidManifest.xml:62:9-64:37
80            android:name="unity.allow-resizable-window"
80-->[:unityLibrary] AndroidManifest.xml:63:13-56
81            android:value="False" />
81-->[:unityLibrary] AndroidManifest.xml:64:13-34
82        <meta-data
82-->[:unityLibrary] AndroidManifest.xml:65:9-67:50
83            android:name="notch.config"
83-->[:unityLibrary] AndroidManifest.xml:66:13-40
84            android:value="portrait|landscape" />
84-->[:unityLibrary] AndroidManifest.xml:67:13-47
85        <meta-data
85-->[:unityLibrary] AndroidManifest.xml:68:9-70:36
86            android:name="unity.auto-report-fully-drawn"
86-->[:unityLibrary] AndroidManifest.xml:69:13-57
87            android:value="true" />
87-->[:unityLibrary] AndroidManifest.xml:70:13-33
88
89        <activity
89-->[:GfxPluginCardboard:] AndroidManifest.xml:23:9-27:66
90            android:name="com.google.cardboard.sdk.QrCodeCaptureActivity"
90-->[:GfxPluginCardboard:] AndroidManifest.xml:24:13-74
91            android:exported="false"
91-->[:GfxPluginCardboard:] AndroidManifest.xml:25:13-37
92            android:label="@string/title_activity_qr_code_capture"
92-->[:GfxPluginCardboard:] AndroidManifest.xml:26:13-67
93            android:theme="@style/Theme.AppCompat.NoActionBar" />
93-->[:GfxPluginCardboard:] AndroidManifest.xml:27:13-63
94        <!--
95          Activity whose sole purpose is to update Cardboard device params when a Cardboard V1
96          NFC tag is detected.
97        -->
98        <activity
98-->[:GfxPluginCardboard:] AndroidManifest.xml:33:9-46:20
99            android:name="com.google.cardboard.sdk.HeadsetDetectionActivity"
99-->[:GfxPluginCardboard:] AndroidManifest.xml:34:13-77
100            android:exported="true"
100-->[:GfxPluginCardboard:] AndroidManifest.xml:35:13-36
101            android:label="@string/headset_detection_activity_title" >
101-->[:GfxPluginCardboard:] AndroidManifest.xml:36:13-69
102
103            <!-- Handles the Cardboard V1 NFC tag released at Google I/O 2014. -->
104            <intent-filter>
104-->[:GfxPluginCardboard:] AndroidManifest.xml:39:13-45:29
105                <action android:name="android.nfc.action.NDEF_DISCOVERED" />
105-->[:GfxPluginCardboard:] AndroidManifest.xml:40:17-77
105-->[:GfxPluginCardboard:] AndroidManifest.xml:40:25-74
106
107                <category android:name="android.intent.category.DEFAULT" />
107-->[:GfxPluginCardboard:] AndroidManifest.xml:42:17-76
107-->[:GfxPluginCardboard:] AndroidManifest.xml:42:27-73
108
109                <data android:scheme="cardboard" />
109-->[:GfxPluginCardboard:] AndroidManifest.xml:44:17-52
109-->[:GfxPluginCardboard:] AndroidManifest.xml:44:23-49
110            </intent-filter>
111        </activity>
112        <activity
112-->[com.google.android.gms:play-services-base:17.4.0] AndroidManifest.xml:23:9-26:75
113            android:name="com.google.android.gms.common.api.GoogleApiActivity"
113-->[com.google.android.gms:play-services-base:17.4.0] AndroidManifest.xml:24:13-79
114            android:exported="false"
114-->[com.google.android.gms:play-services-base:17.4.0] AndroidManifest.xml:25:13-37
115            android:theme="@android:style/Theme.Translucent.NoTitleBar" />
115-->[com.google.android.gms:play-services-base:17.4.0] AndroidManifest.xml:26:13-72
116
117        <meta-data
117-->[com.google.android.gms:play-services-basement:17.4.0] AndroidManifest.xml:23:9-25:69
118            android:name="com.google.android.gms.version"
118-->[com.google.android.gms:play-services-basement:17.4.0] AndroidManifest.xml:24:13-58
119            android:value="@integer/google_play_services_version" />
119-->[com.google.android.gms:play-services-basement:17.4.0] AndroidManifest.xml:25:13-66
120
121        <provider
121-->[androidx.emoji2:emoji2:1.0.0] AndroidManifest.xml:26:9-34:20
122            android:name="androidx.startup.InitializationProvider"
122-->[androidx.emoji2:emoji2:1.0.0] AndroidManifest.xml:27:13-67
123            android:authorities="com.Reyva.ClaseVR2024.androidx-startup"
123-->[androidx.emoji2:emoji2:1.0.0] AndroidManifest.xml:28:13-68
124            android:exported="false" >
124-->[androidx.emoji2:emoji2:1.0.0] AndroidManifest.xml:29:13-37
125            <meta-data
125-->[androidx.emoji2:emoji2:1.0.0] AndroidManifest.xml:31:13-33:52
126                android:name="androidx.emoji2.text.EmojiCompatInitializer"
126-->[androidx.emoji2:emoji2:1.0.0] AndroidManifest.xml:32:17-75
127                android:value="androidx.startup" />
127-->[androidx.emoji2:emoji2:1.0.0] AndroidManifest.xml:33:17-49
128            <meta-data
128-->[androidx.lifecycle:lifecycle-process:2.4.0] AndroidManifest.xml:31:13-33:52
129                android:name="androidx.lifecycle.ProcessLifecycleInitializer"
129-->[androidx.lifecycle:lifecycle-process:2.4.0] AndroidManifest.xml:32:17-78
130                android:value="androidx.startup" />
130-->[androidx.lifecycle:lifecycle-process:2.4.0] AndroidManifest.xml:33:17-49
131        </provider>
132    </application>
133
134</manifest>